
*** Running vivado
    with args -log miniRV_SoC.vds -m64 -product Vivado -mode batch -messageDb vivado.pb -notrace -source miniRV_SoC.tcl


****** Vivado v2018.3 (64-bit)
  **** SW Build 2405991 on Thu Dec  6 23:38:27 MST 2018
  **** IP Build 2404404 on Fri Dec  7 01:43:56 MST 2018
    ** Copyright 1986-2018 Xilinx, Inc. All Rights Reserved.

source miniRV_SoC.tcl -notrace
Command: synth_design -top miniRV_SoC -part xc7a100tfgg484-1
Starting synth_design
Attempting to get a license for feature 'Synthesis' and/or device 'xc7a100t'
INFO: [Common 17-349] Got license for feature 'Synthesis' and/or device 'xc7a100t'
INFO: Launching helper process for spawning children vivado processes
INFO: Helper process launched with PID 2108 
WARNING: [Synth 8-976] SEXT_ext has already been declared [E:/cpu/proj_miniRV/proj_single_cycle/proj_single_cycle.srcs/sources_1/new/myCPU.v:48]
WARNING: [Synth 8-2654] second declaration of SEXT_ext ignored [E:/cpu/proj_miniRV/proj_single_cycle/proj_single_cycle.srcs/sources_1/new/myCPU.v:48]
INFO: [Synth 8-994] SEXT_ext is declared here [E:/cpu/proj_miniRV/proj_single_cycle/proj_single_cycle.srcs/sources_1/new/myCPU.v:40]
---------------------------------------------------------------------------------
Starting RTL Elaboration : Time (s): cpu = 00:00:01 ; elapsed = 00:00:02 . Memory (MB): peak = 480.621 ; gain = 112.023
---------------------------------------------------------------------------------
INFO: [Synth 8-6157] synthesizing module 'miniRV_SoC' [E:/cpu/proj_miniRV/proj_single_cycle/proj_single_cycle.srcs/sources_1/new/miniRV_SoC.v:5]
INFO: [Synth 8-6157] synthesizing module 'cpuclk' [E:/cpu/proj_miniRV/proj_single_cycle/proj_single_cycle.runs/synth_1/.Xil/Vivado-9628-PA03/realtime/cpuclk_stub.v:5]
INFO: [Synth 8-6155] done synthesizing module 'cpuclk' (1#1) [E:/cpu/proj_miniRV/proj_single_cycle/proj_single_cycle.runs/synth_1/.Xil/Vivado-9628-PA03/realtime/cpuclk_stub.v:5]
INFO: [Synth 8-6157] synthesizing module 'myCPU' [E:/cpu/proj_miniRV/proj_single_cycle/proj_single_cycle.srcs/sources_1/new/myCPU.v:5]
INFO: [Synth 8-5534] Detected attribute (* mark_debug = "true" *) [E:/cpu/proj_miniRV/proj_single_cycle/proj_single_cycle.srcs/sources_1/new/myCPU.v:43]
INFO: [Synth 8-5534] Detected attribute (* mark_debug = "true" *) [E:/cpu/proj_miniRV/proj_single_cycle/proj_single_cycle.srcs/sources_1/new/myCPU.v:46]
INFO: [Synth 8-5534] Detected attribute (* mark_debug = "true" *) [E:/cpu/proj_miniRV/proj_single_cycle/proj_single_cycle.srcs/sources_1/new/myCPU.v:49]
INFO: [Synth 8-5534] Detected attribute (* mark_debug = "true" *) [E:/cpu/proj_miniRV/proj_single_cycle/proj_single_cycle.srcs/sources_1/new/myCPU.v:50]
INFO: [Synth 8-5534] Detected attribute (* mark_debug = "true" *) [E:/cpu/proj_miniRV/proj_single_cycle/proj_single_cycle.srcs/sources_1/new/myCPU.v:51]
INFO: [Synth 8-6157] synthesizing module 'NPC' [E:/cpu/proj_miniRV/proj_single_cycle/proj_single_cycle.srcs/sources_1/new/NPC.v:3]
INFO: [Synth 8-6155] done synthesizing module 'NPC' (2#1) [E:/cpu/proj_miniRV/proj_single_cycle/proj_single_cycle.srcs/sources_1/new/NPC.v:3]
INFO: [Synth 8-6157] synthesizing module 'PC' [E:/cpu/proj_miniRV/proj_single_cycle/proj_single_cycle.srcs/sources_1/new/PC.v:3]
INFO: [Synth 8-6155] done synthesizing module 'PC' (3#1) [E:/cpu/proj_miniRV/proj_single_cycle/proj_single_cycle.srcs/sources_1/new/PC.v:3]
INFO: [Synth 8-6157] synthesizing module 'SEXT' [E:/cpu/proj_miniRV/proj_single_cycle/proj_single_cycle.srcs/sources_1/new/SEXT.v:4]
INFO: [Synth 8-6155] done synthesizing module 'SEXT' (4#1) [E:/cpu/proj_miniRV/proj_single_cycle/proj_single_cycle.srcs/sources_1/new/SEXT.v:4]
INFO: [Synth 8-6157] synthesizing module 'RF' [E:/cpu/proj_miniRV/proj_single_cycle/proj_single_cycle.srcs/sources_1/new/RF.v:3]
INFO: [Synth 8-6155] done synthesizing module 'RF' (5#1) [E:/cpu/proj_miniRV/proj_single_cycle/proj_single_cycle.srcs/sources_1/new/RF.v:3]
INFO: [Synth 8-6157] synthesizing module 'ALU' [E:/cpu/proj_miniRV/proj_single_cycle/proj_single_cycle.srcs/sources_1/new/ALU.v:4]
INFO: [Synth 8-6155] done synthesizing module 'ALU' (6#1) [E:/cpu/proj_miniRV/proj_single_cycle/proj_single_cycle.srcs/sources_1/new/ALU.v:4]
INFO: [Synth 8-6157] synthesizing module 'Ctrl' [E:/cpu/proj_miniRV/proj_single_cycle/proj_single_cycle.srcs/sources_1/new/Ctrl.v:4]
INFO: [Synth 8-6155] done synthesizing module 'Ctrl' (7#1) [E:/cpu/proj_miniRV/proj_single_cycle/proj_single_cycle.srcs/sources_1/new/Ctrl.v:4]
INFO: [Synth 8-6071] Mark debug on the nets applies keep_hierarchy on instance 'U_Ctrl'. This will prevent further optimization [E:/cpu/proj_miniRV/proj_single_cycle/proj_single_cycle.srcs/sources_1/new/myCPU.v:119]
INFO: [Synth 8-6071] Mark debug on the nets applies keep_hierarchy on instance 'U_NPC'. This will prevent further optimization [E:/cpu/proj_miniRV/proj_single_cycle/proj_single_cycle.srcs/sources_1/new/myCPU.v:56]
INFO: [Synth 8-6071] Mark debug on the nets applies keep_hierarchy on instance 'U_SEXT'. This will prevent further optimization [E:/cpu/proj_miniRV/proj_single_cycle/proj_single_cycle.srcs/sources_1/new/myCPU.v:74]
INFO: [Synth 8-6071] Mark debug on the nets applies keep_hierarchy on instance 'U_ALU'. This will prevent further optimization [E:/cpu/proj_miniRV/proj_single_cycle/proj_single_cycle.srcs/sources_1/new/myCPU.v:111]
INFO: [Synth 8-6155] done synthesizing module 'myCPU' (8#1) [E:/cpu/proj_miniRV/proj_single_cycle/proj_single_cycle.srcs/sources_1/new/myCPU.v:5]
INFO: [Synth 8-6157] synthesizing module 'IROM' [E:/cpu/proj_miniRV/proj_single_cycle/proj_single_cycle.runs/synth_1/.Xil/Vivado-9628-PA03/realtime/IROM_stub.v:6]
INFO: [Synth 8-6155] done synthesizing module 'IROM' (9#1) [E:/cpu/proj_miniRV/proj_single_cycle/proj_single_cycle.runs/synth_1/.Xil/Vivado-9628-PA03/realtime/IROM_stub.v:6]
INFO: [Synth 8-6157] synthesizing module 'Bridge' [E:/cpu/proj_miniRV/proj_single_cycle/proj_single_cycle.srcs/sources_1/new/Bridge.v:5]
INFO: [Synth 8-6155] done synthesizing module 'Bridge' (10#1) [E:/cpu/proj_miniRV/proj_single_cycle/proj_single_cycle.srcs/sources_1/new/Bridge.v:5]
WARNING: [Synth 8-689] width (1) of port connection 'addr_to_sw' does not match port width (32) of module 'Bridge' [E:/cpu/proj_miniRV/proj_single_cycle/proj_single_cycle.srcs/sources_1/new/miniRV_SoC.v:158]
WARNING: [Synth 8-350] instance 'Bridge' of module 'Bridge' requires 29 connections, but only 28 given [E:/cpu/proj_miniRV/proj_single_cycle/proj_single_cycle.srcs/sources_1/new/miniRV_SoC.v:124]
INFO: [Synth 8-6157] synthesizing module 'DRAM' [E:/cpu/proj_miniRV/proj_single_cycle/proj_single_cycle.runs/synth_1/.Xil/Vivado-9628-PA03/realtime/DRAM_stub.v:6]
INFO: [Synth 8-6155] done synthesizing module 'DRAM' (11#1) [E:/cpu/proj_miniRV/proj_single_cycle/proj_single_cycle.runs/synth_1/.Xil/Vivado-9628-PA03/realtime/DRAM_stub.v:6]
INFO: [Synth 8-6157] synthesizing module 'dig' [E:/cpu/proj_miniRV/proj_single_cycle/proj_single_cycle.srcs/sources_1/new/dig.v:3]
INFO: [Synth 8-6157] synthesizing module 'counter' [E:/cpu/proj_miniRV/proj_single_cycle/proj_single_cycle.srcs/sources_1/new/counter.v:3]
	Parameter END bound to: 24999 - type: integer 
	Parameter WIDTH bound to: 32 - type: integer 
INFO: [Synth 8-6155] done synthesizing module 'counter' (12#1) [E:/cpu/proj_miniRV/proj_single_cycle/proj_single_cycle.srcs/sources_1/new/counter.v:3]
INFO: [Synth 8-6155] done synthesizing module 'dig' (13#1) [E:/cpu/proj_miniRV/proj_single_cycle/proj_single_cycle.srcs/sources_1/new/dig.v:3]
INFO: [Synth 8-6157] synthesizing module 'led' [E:/cpu/proj_miniRV/proj_single_cycle/proj_single_cycle.srcs/sources_1/new/led.v:3]
INFO: [Synth 8-6155] done synthesizing module 'led' (14#1) [E:/cpu/proj_miniRV/proj_single_cycle/proj_single_cycle.srcs/sources_1/new/led.v:3]
INFO: [Synth 8-6157] synthesizing module 'switch' [E:/cpu/proj_miniRV/proj_single_cycle/proj_single_cycle.srcs/sources_1/new/switch.v:1]
INFO: [Synth 8-6155] done synthesizing module 'switch' (15#1) [E:/cpu/proj_miniRV/proj_single_cycle/proj_single_cycle.srcs/sources_1/new/switch.v:1]
INFO: [Synth 8-6157] synthesizing module 'button' [E:/cpu/proj_miniRV/proj_single_cycle/proj_single_cycle.srcs/sources_1/new/button.v:1]
INFO: [Synth 8-6155] done synthesizing module 'button' (16#1) [E:/cpu/proj_miniRV/proj_single_cycle/proj_single_cycle.srcs/sources_1/new/button.v:1]
INFO: [Synth 8-6155] done synthesizing module 'miniRV_SoC' (17#1) [E:/cpu/proj_miniRV/proj_single_cycle/proj_single_cycle.srcs/sources_1/new/miniRV_SoC.v:5]
WARNING: [Synth 8-3331] design led has unconnected port wdata[31]
WARNING: [Synth 8-3331] design led has unconnected port wdata[30]
WARNING: [Synth 8-3331] design led has unconnected port wdata[29]
WARNING: [Synth 8-3331] design led has unconnected port wdata[28]
WARNING: [Synth 8-3331] design led has unconnected port wdata[27]
WARNING: [Synth 8-3331] design led has unconnected port wdata[26]
WARNING: [Synth 8-3331] design led has unconnected port wdata[25]
WARNING: [Synth 8-3331] design led has unconnected port wdata[24]
WARNING: [Synth 8-3331] design SEXT has unconnected port imm[6]
WARNING: [Synth 8-3331] design SEXT has unconnected port imm[5]
WARNING: [Synth 8-3331] design SEXT has unconnected port imm[4]
WARNING: [Synth 8-3331] design SEXT has unconnected port imm[3]
WARNING: [Synth 8-3331] design SEXT has unconnected port imm[2]
WARNING: [Synth 8-3331] design SEXT has unconnected port imm[1]
WARNING: [Synth 8-3331] design SEXT has unconnected port imm[0]
---------------------------------------------------------------------------------
Finished RTL Elaboration : Time (s): cpu = 00:00:02 ; elapsed = 00:00:03 . Memory (MB): peak = 519.418 ; gain = 150.820
---------------------------------------------------------------------------------

Report Check Netlist: 
+------+------------------+-------+---------+-------+------------------+
|      |Item              |Errors |Warnings |Status |Description       |
+------+------------------+-------+---------+-------+------------------+
|1     |multi_driven_nets |      0|        0|Passed |Multi driven nets |
+------+------------------+-------+---------+-------+------------------+
---------------------------------------------------------------------------------
Start Handling Custom Attributes
---------------------------------------------------------------------------------
---------------------------------------------------------------------------------
Finished Handling Custom Attributes : Time (s): cpu = 00:00:02 ; elapsed = 00:00:05 . Memory (MB): peak = 519.418 ; gain = 150.820
---------------------------------------------------------------------------------
---------------------------------------------------------------------------------
Finished RTL Optimization Phase 1 : Time (s): cpu = 00:00:02 ; elapsed = 00:00:05 . Memory (MB): peak = 519.418 ; gain = 150.820
---------------------------------------------------------------------------------
INFO: [Device 21-403] Loading part xc7a100tfgg484-1
INFO: [Project 1-570] Preparing netlist for logic optimization

Processing XDC Constraints
Initializing timing engine
Parsing XDC File [e:/cpu/proj_miniRV/proj_single_cycle/proj_single_cycle.srcs/sources_1/ip/cpuclk/cpuclk/cpuclk_in_context.xdc] for cell 'Clkgen'
Finished Parsing XDC File [e:/cpu/proj_miniRV/proj_single_cycle/proj_single_cycle.srcs/sources_1/ip/cpuclk/cpuclk/cpuclk_in_context.xdc] for cell 'Clkgen'
Parsing XDC File [e:/cpu/proj_miniRV/proj_single_cycle/proj_single_cycle.srcs/sources_1/ip/IROM/IROM/IROM_in_context.xdc] for cell 'Mem_IROM'
Finished Parsing XDC File [e:/cpu/proj_miniRV/proj_single_cycle/proj_single_cycle.srcs/sources_1/ip/IROM/IROM/IROM_in_context.xdc] for cell 'Mem_IROM'
Parsing XDC File [e:/cpu/proj_miniRV/proj_single_cycle/proj_single_cycle.srcs/sources_1/ip/DRAM/DRAM/DRAM_in_context.xdc] for cell 'Mem_DRAM'
Finished Parsing XDC File [e:/cpu/proj_miniRV/proj_single_cycle/proj_single_cycle.srcs/sources_1/ip/DRAM/DRAM/DRAM_in_context.xdc] for cell 'Mem_DRAM'
Parsing XDC File [E:/cpu/proj_miniRV/proj_single_cycle/proj_single_cycle.srcs/constrs_1/new/miniRV_clock.xdc]
WARNING: [Constraints 18-619] A clock with name 'fpga_clk' already exists, overwriting the previous clock with the same name. [E:/cpu/proj_miniRV/proj_single_cycle/proj_single_cycle.srcs/constrs_1/new/miniRV_clock.xdc:2]
Finished Parsing XDC File [E:/cpu/proj_miniRV/proj_single_cycle/proj_single_cycle.srcs/constrs_1/new/miniRV_clock.xdc]
Parsing XDC File [E:/cpu/proj_miniRV/proj_single_cycle/proj_single_cycle.srcs/constrs_1/new/miniRV_SoC.xdc]
Finished Parsing XDC File [E:/cpu/proj_miniRV/proj_single_cycle/proj_single_cycle.srcs/constrs_1/new/miniRV_SoC.xdc]
INFO: [Project 1-236] Implementation specific constraints were found while reading constraint file [E:/cpu/proj_miniRV/proj_single_cycle/proj_single_cycle.srcs/constrs_1/new/miniRV_SoC.xdc]. These constraints will be ignored for synthesis but will be used in implementation. Impacted constraints are listed in the file [.Xil/miniRV_SoC_propImpl.xdc].
Resolution: To avoid this warning, move constraints listed in [.Xil/miniRV_SoC_propImpl.xdc] to another XDC file and exclude this new file from synthesis with the used_in_synthesis property (File Properties dialog in GUI) and re-run elaboration/synthesis.
Netlist sorting complete. Time (s): cpu = 00:00:00 ; elapsed = 00:00:00 . Memory (MB): peak = 885.438 ; gain = 0.000
Completed Processing XDC Constraints

Netlist sorting complete. Time (s): cpu = 00:00:00 ; elapsed = 00:00:00 . Memory (MB): peak = 885.438 ; gain = 0.000
INFO: [Project 1-111] Unisim Transformation Summary:
No Unisim elements were transformed.

Netlist sorting complete. Time (s): cpu = 00:00:00 ; elapsed = 00:00:00 . Memory (MB): peak = 885.438 ; gain = 0.000
Constraint Validation Runtime : Time (s): cpu = 00:00:00 ; elapsed = 00:00:00.024 . Memory (MB): peak = 885.438 ; gain = 0.000
---------------------------------------------------------------------------------
Finished Constraint Validation : Time (s): cpu = 00:00:08 ; elapsed = 00:00:15 . Memory (MB): peak = 885.438 ; gain = 516.840
---------------------------------------------------------------------------------
---------------------------------------------------------------------------------
Start Loading Part and Timing Information
---------------------------------------------------------------------------------
Loading part: xc7a100tfgg484-1
---------------------------------------------------------------------------------
Finished Loading Part and Timing Information : Time (s): cpu = 00:00:08 ; elapsed = 00:00:15 . Memory (MB): peak = 885.438 ; gain = 516.840
---------------------------------------------------------------------------------
---------------------------------------------------------------------------------
Start Applying 'set_property' XDC Constraints
---------------------------------------------------------------------------------
Applied set_property IO_BUFFER_TYPE = NONE for fpga_clk. (constraint file  e:/cpu/proj_miniRV/proj_single_cycle/proj_single_cycle.srcs/sources_1/ip/cpuclk/cpuclk/cpuclk_in_context.xdc, line 3).
Applied set_property CLOCK_BUFFER_TYPE = NONE for fpga_clk. (constraint file  e:/cpu/proj_miniRV/proj_single_cycle/proj_single_cycle.srcs/sources_1/ip/cpuclk/cpuclk/cpuclk_in_context.xdc, line 4).
Applied set_property DONT_TOUCH = true for Clkgen. (constraint file  auto generated constraint, line ).
Applied set_property DONT_TOUCH = true for Mem_IROM. (constraint file  auto generated constraint, line ).
Applied set_property DONT_TOUCH = true for Mem_DRAM. (constraint file  auto generated constraint, line ).
---------------------------------------------------------------------------------
Finished applying 'set_property' XDC Constraints : Time (s): cpu = 00:00:08 ; elapsed = 00:00:15 . Memory (MB): peak = 885.438 ; gain = 516.840
---------------------------------------------------------------------------------
INFO: [Synth 8-5546] ROM "r_typ" won't be mapped to RAM because it is too sparse
INFO: [Synth 8-5546] ROM "i_typ" won't be mapped to RAM because it is too sparse
INFO: [Synth 8-5546] ROM "l_typ" won't be mapped to RAM because it is too sparse
INFO: [Synth 8-5546] ROM "jr_typ" won't be mapped to RAM because it is too sparse
INFO: [Synth 8-5546] ROM "u_typ" won't be mapped to RAM because it is too sparse
INFO: [Synth 8-5546] ROM "a_typ" won't be mapped to RAM because it is too sparse
INFO: [Synth 8-5546] ROM "j_typ" won't be mapped to RAM because it is too sparse
INFO: [Synth 8-5546] ROM "s_typ" won't be mapped to RAM because it is too sparse
INFO: [Synth 8-5546] ROM "b_typ" won't be mapped to RAM because it is too sparse
INFO: [Synth 8-5546] ROM "r_typ" won't be mapped to RAM because it is too sparse
INFO: [Synth 8-5546] ROM "i_typ" won't be mapped to RAM because it is too sparse
INFO: [Synth 8-5546] ROM "l_typ" won't be mapped to RAM because it is too sparse
INFO: [Synth 8-5546] ROM "jr_typ" won't be mapped to RAM because it is too sparse
INFO: [Synth 8-5546] ROM "u_typ" won't be mapped to RAM because it is too sparse
INFO: [Synth 8-5546] ROM "a_typ" won't be mapped to RAM because it is too sparse
INFO: [Synth 8-5546] ROM "j_typ" won't be mapped to RAM because it is too sparse
INFO: [Synth 8-5546] ROM "s_typ" won't be mapped to RAM because it is too sparse
INFO: [Synth 8-5546] ROM "b_typ" won't be mapped to RAM because it is too sparse
INFO: [Synth 8-5544] ROM "rf_wsel" won't be mapped to Block RAM because address size (1) smaller than threshold (5)
INFO: [Synth 8-5545] ROM "access_sw" won't be mapped to RAM because address size (32) is larger than maximum supported(25)
INFO: [Synth 8-5545] ROM "access_btn" won't be mapped to RAM because address size (32) is larger than maximum supported(25)
INFO: [Synth 8-5545] ROM "access_dig" won't be mapped to RAM because address size (32) is larger than maximum supported(25)
INFO: [Synth 8-5545] ROM "access_led" won't be mapped to RAM because address size (32) is larger than maximum supported(25)
WARNING: [Synth 8-327] inferring latch for variable 'C_reg' [E:/cpu/proj_miniRV/proj_single_cycle/proj_single_cycle.srcs/sources_1/new/ALU.v:18]
---------------------------------------------------------------------------------
Finished RTL Optimization Phase 2 : Time (s): cpu = 00:00:08 ; elapsed = 00:00:17 . Memory (MB): peak = 885.438 ; gain = 516.840
---------------------------------------------------------------------------------

Report RTL Partitions: 
+-+--------------+------------+----------+
| |RTL Partition |Replication |Instances |
+-+--------------+------------+----------+
+-+--------------+------------+----------+
---------------------------------------------------------------------------------
Start RTL Component Statistics 
---------------------------------------------------------------------------------
Detailed RTL Component Info : 
+---Adders : 
	   2 Input     32 Bit       Adders := 4     
	   3 Input     32 Bit       Adders := 1     
	   2 Input     16 Bit       Adders := 1     
	   2 Input      1 Bit       Adders := 1     
+---XORs : 
	   2 Input     32 Bit         XORs := 1     
+---Registers : 
	               32 Bit    Registers := 4     
	               24 Bit    Registers := 1     
	                8 Bit    Registers := 17    
	                1 Bit    Registers := 9     
+---Muxes : 
	   4 Input     32 Bit        Muxes := 3     
	   2 Input     32 Bit        Muxes := 5     
	   2 Input      5 Bit        Muxes := 2     
	  13 Input      4 Bit        Muxes := 1     
	   5 Input      3 Bit        Muxes := 1     
	   4 Input      2 Bit        Muxes := 1     
	   2 Input      2 Bit        Muxes := 2     
	  14 Input      1 Bit        Muxes := 1     
	   2 Input      1 Bit        Muxes := 22    
---------------------------------------------------------------------------------
Finished RTL Component Statistics 
---------------------------------------------------------------------------------
---------------------------------------------------------------------------------
Start RTL Hierarchical Component Statistics 
---------------------------------------------------------------------------------
Hierarchical RTL Component report 
Module miniRV_SoC 
Detailed RTL Component Info : 
+---Adders : 
	   2 Input     16 Bit       Adders := 1     
Module NPC 
Detailed RTL Component Info : 
+---Adders : 
	   2 Input     32 Bit       Adders := 3     
+---Muxes : 
	   4 Input     32 Bit        Muxes := 1     
	   2 Input     32 Bit        Muxes := 1     
Module PC 
Detailed RTL Component Info : 
+---Registers : 
	               32 Bit    Registers := 1     
Module RF 
Detailed RTL Component Info : 
+---Muxes : 
	   2 Input     32 Bit        Muxes := 2     
	   2 Input      5 Bit        Muxes := 2     
Module ALU 
Detailed RTL Component Info : 
+---Adders : 
	   3 Input     32 Bit       Adders := 1     
	   2 Input     32 Bit       Adders := 1     
	   2 Input      1 Bit       Adders := 1     
+---XORs : 
	   2 Input     32 Bit         XORs := 1     
+---Muxes : 
	  14 Input      1 Bit        Muxes := 1     
Module Ctrl 
Detailed RTL Component Info : 
+---Muxes : 
	  13 Input      4 Bit        Muxes := 1     
	   5 Input      3 Bit        Muxes := 1     
	   4 Input      2 Bit        Muxes := 1     
	   2 Input      2 Bit        Muxes := 2     
	   2 Input      1 Bit        Muxes := 9     
Module myCPU 
Detailed RTL Component Info : 
+---Muxes : 
	   2 Input     32 Bit        Muxes := 2     
	   4 Input     32 Bit        Muxes := 1     
Module Bridge 
Detailed RTL Component Info : 
+---Muxes : 
	   4 Input     32 Bit        Muxes := 1     
	   2 Input      1 Bit        Muxes := 4     
Module counter 
Detailed RTL Component Info : 
+---Registers : 
	                1 Bit    Registers := 1     
+---Muxes : 
	   2 Input      1 Bit        Muxes := 1     
Module dig 
Detailed RTL Component Info : 
+---Registers : 
	               32 Bit    Registers := 1     
	                8 Bit    Registers := 17    
	                1 Bit    Registers := 8     
+---Muxes : 
	   2 Input      1 Bit        Muxes := 8     
Module led 
Detailed RTL Component Info : 
+---Registers : 
	               24 Bit    Registers := 1     
Module switch 
Detailed RTL Component Info : 
+---Registers : 
	               32 Bit    Registers := 1     
Module button 
Detailed RTL Component Info : 
+---Registers : 
	               32 Bit    Registers := 1     
---------------------------------------------------------------------------------
Finished RTL Hierarchical Component Statistics
---------------------------------------------------------------------------------
---------------------------------------------------------------------------------
Start Part Resource Summary
---------------------------------------------------------------------------------
Part Resources:
DSPs: 240 (col length:80)
BRAMs: 270 (col length: RAMB18 80 RAMB36 40)
---------------------------------------------------------------------------------
Finished Part Resource Summary
---------------------------------------------------------------------------------
---------------------------------------------------------------------------------
Start Cross Boundary and Area Optimization
---------------------------------------------------------------------------------
Warning: Parallel synthesis criteria is not met 
INFO: [Synth 8-5546] ROM "r_typ" won't be mapped to RAM because it is too sparse
INFO: [Synth 8-5546] ROM "a_typ" won't be mapped to RAM because it is too sparse
INFO: [Synth 8-5546] ROM "u_typ" won't be mapped to RAM because it is too sparse
INFO: [Synth 8-5546] ROM "j_typ" won't be mapped to RAM because it is too sparse
INFO: [Synth 8-5546] ROM "i_typ" won't be mapped to RAM because it is too sparse
INFO: [Synth 8-5546] ROM "l_typ" won't be mapped to RAM because it is too sparse
INFO: [Synth 8-5546] ROM "jr_typ" won't be mapped to RAM because it is too sparse
INFO: [Synth 8-5546] ROM "s_typ" won't be mapped to RAM because it is too sparse
INFO: [Synth 8-5546] ROM "b_typ" won't be mapped to RAM because it is too sparse
INFO: [Synth 8-5545] ROM "Bridge/access_btn" won't be mapped to RAM because address size (32) is larger than maximum supported(25)
INFO: [Synth 8-5545] ROM "Bridge/access_sw" won't be mapped to RAM because address size (32) is larger than maximum supported(25)
INFO: [Synth 8-5545] ROM "Bridge/access_led" won't be mapped to RAM because address size (32) is larger than maximum supported(25)
INFO: [Synth 8-5545] ROM "Bridge/access_dig" won't be mapped to RAM because address size (32) is larger than maximum supported(25)
WARNING: [Synth 8-3331] design SEXT has unconnected port imm[6]
WARNING: [Synth 8-3331] design SEXT has unconnected port imm[5]
WARNING: [Synth 8-3331] design SEXT has unconnected port imm[4]
WARNING: [Synth 8-3331] design SEXT has unconnected port imm[3]
WARNING: [Synth 8-3331] design SEXT has unconnected port imm[2]
WARNING: [Synth 8-3331] design SEXT has unconnected port imm[1]
WARNING: [Synth 8-3331] design SEXT has unconnected port imm[0]
INFO: [Synth 8-3886] merging instance 'u_switch/rdata_reg[28]' (FDR) to 'u_button/rdata_reg[31]'
INFO: [Synth 8-3886] merging instance 'u_button/rdata_reg[28]' (FDR) to 'u_button/rdata_reg[31]'
INFO: [Synth 8-3886] merging instance 'u_switch/rdata_reg[29]' (FDR) to 'u_button/rdata_reg[31]'
INFO: [Synth 8-3886] merging instance 'u_button/rdata_reg[29]' (FDR) to 'u_button/rdata_reg[31]'
INFO: [Synth 8-3886] merging instance 'u_switch/rdata_reg[26]' (FDR) to 'u_button/rdata_reg[31]'
INFO: [Synth 8-3886] merging instance 'u_button/rdata_reg[26]' (FDR) to 'u_button/rdata_reg[31]'
INFO: [Synth 8-3886] merging instance 'u_switch/rdata_reg[27]' (FDR) to 'u_button/rdata_reg[31]'
INFO: [Synth 8-3886] merging instance 'u_button/rdata_reg[27]' (FDR) to 'u_button/rdata_reg[31]'
INFO: [Synth 8-3886] merging instance 'u_switch/rdata_reg[24]' (FDR) to 'u_button/rdata_reg[31]'
INFO: [Synth 8-3886] merging instance 'u_button/rdata_reg[24]' (FDR) to 'u_button/rdata_reg[31]'
INFO: [Synth 8-3886] merging instance 'u_switch/rdata_reg[25]' (FDR) to 'u_button/rdata_reg[31]'
INFO: [Synth 8-3886] merging instance 'u_button/rdata_reg[25]' (FDR) to 'u_button/rdata_reg[31]'
INFO: [Synth 8-3886] merging instance 'u_switch/rdata_reg[30]' (FDR) to 'u_button/rdata_reg[31]'
INFO: [Synth 8-3886] merging instance 'u_button/rdata_reg[30]' (FDR) to 'u_button/rdata_reg[31]'
INFO: [Synth 8-3886] merging instance 'u_switch/rdata_reg[31]' (FDR) to 'u_button/rdata_reg[31]'
INFO: [Synth 8-3886] merging instance 'u_button/rdata_reg[31]' (FDR) to 'u_button/rdata_reg[23]'
INFO: [Synth 8-3886] merging instance 'u_button/rdata_reg[5]' (FDR) to 'u_button/rdata_reg[23]'
INFO: [Synth 8-3886] merging instance 'u_button/rdata_reg[10]' (FDR) to 'u_button/rdata_reg[23]'
INFO: [Synth 8-3886] merging instance 'u_button/rdata_reg[11]' (FDR) to 'u_button/rdata_reg[23]'
INFO: [Synth 8-3886] merging instance 'u_button/rdata_reg[8]' (FDR) to 'u_button/rdata_reg[23]'
INFO: [Synth 8-3886] merging instance 'u_button/rdata_reg[9]' (FDR) to 'u_button/rdata_reg[23]'
INFO: [Synth 8-3886] merging instance 'u_button/rdata_reg[6]' (FDR) to 'u_button/rdata_reg[23]'
INFO: [Synth 8-3886] merging instance 'u_button/rdata_reg[7]' (FDR) to 'u_button/rdata_reg[23]'
INFO: [Synth 8-3886] merging instance 'u_button/rdata_reg[16]' (FDR) to 'u_button/rdata_reg[23]'
INFO: [Synth 8-3886] merging instance 'u_button/rdata_reg[17]' (FDR) to 'u_button/rdata_reg[23]'
INFO: [Synth 8-3886] merging instance 'u_button/rdata_reg[14]' (FDR) to 'u_button/rdata_reg[23]'
INFO: [Synth 8-3886] merging instance 'u_button/rdata_reg[15]' (FDR) to 'u_button/rdata_reg[23]'
INFO: [Synth 8-3886] merging instance 'u_button/rdata_reg[12]' (FDR) to 'u_button/rdata_reg[23]'
INFO: [Synth 8-3886] merging instance 'u_button/rdata_reg[13]' (FDR) to 'u_button/rdata_reg[23]'
INFO: [Synth 8-3886] merging instance 'u_button/rdata_reg[22]' (FDR) to 'u_button/rdata_reg[23]'
INFO: [Synth 8-3886] merging instance 'u_button/rdata_reg[23]' (FDR) to 'u_button/rdata_reg[21]'
INFO: [Synth 8-3886] merging instance 'u_button/rdata_reg[20]' (FDR) to 'u_button/rdata_reg[21]'
INFO: [Synth 8-3886] merging instance 'u_button/rdata_reg[21]' (FDR) to 'u_button/rdata_reg[19]'
INFO: [Synth 8-3886] merging instance 'u_button/rdata_reg[18]' (FDR) to 'u_button/rdata_reg[19]'
INFO: [Synth 8-3333] propagating constant 0 across sequential element (\u_button/rdata_reg[19] )
INFO: [Synth 8-3886] merging instance 'u_dig/led_reg[15][0]' (FD) to 'u_dig/led_reg[1][7]'
INFO: [Synth 8-3886] merging instance 'u_dig/led_reg[14][0]' (FD) to 'u_dig/led_reg[1][7]'
INFO: [Synth 8-3886] merging instance 'u_dig/led_reg[13][0]' (FD) to 'u_dig/led_reg[1][7]'
INFO: [Synth 8-3886] merging instance 'u_dig/led_reg[12][0]' (FD) to 'u_dig/led_reg[1][7]'
INFO: [Synth 8-3886] merging instance 'u_dig/led_reg[11][0]' (FD) to 'u_dig/led_reg[1][7]'
INFO: [Synth 8-3886] merging instance 'u_dig/led_reg[10][0]' (FD) to 'u_dig/led_reg[1][7]'
INFO: [Synth 8-3886] merging instance 'u_dig/led_reg[9][0]' (FD) to 'u_dig/led_reg[1][7]'
INFO: [Synth 8-3886] merging instance 'u_dig/led_reg[8][0]' (FD) to 'u_dig/led_reg[1][7]'
INFO: [Synth 8-3886] merging instance 'u_dig/led_reg[7][0]' (FD) to 'u_dig/led_reg[1][7]'
INFO: [Synth 8-3886] merging instance 'u_dig/led_reg[6][0]' (FD) to 'u_dig/led_reg[1][7]'
INFO: [Synth 8-3886] merging instance 'u_dig/led_reg[5][0]' (FD) to 'u_dig/led_reg[1][7]'
INFO: [Synth 8-3886] merging instance 'u_dig/led_reg[4][0]' (FD) to 'u_dig/led_reg[1][7]'
INFO: [Synth 8-3886] merging instance 'u_dig/led_reg[3][0]' (FD) to 'u_dig/led_reg[1][7]'
INFO: [Synth 8-3886] merging instance 'u_dig/led_reg[2][0]' (FD) to 'u_dig/led_reg[1][7]'
INFO: [Synth 8-3886] merging instance 'u_dig/led_reg[1][0]' (FD) to 'u_dig/led_reg[1][7]'
INFO: [Synth 8-3886] merging instance 'u_dig/led_reg[0][0]' (FD) to 'u_dig/led_reg[1][7]'
INFO: [Synth 8-3886] merging instance 'u_dig/led_reg[15][1]' (FD) to 'u_dig/led_reg[1][6]'
INFO: [Synth 8-3886] merging instance 'u_dig/led_reg[14][1]' (FD) to 'u_dig/led_reg[1][6]'
INFO: [Synth 8-3886] merging instance 'u_dig/led_reg[13][1]' (FD) to 'u_dig/led_reg[1][6]'
INFO: [Synth 8-3886] merging instance 'u_dig/led_reg[12][1]' (FD) to 'u_dig/led_reg[1][7]'
INFO: [Synth 8-3886] merging instance 'u_dig/led_reg[11][1]' (FD) to 'u_dig/led_reg[1][6]'
INFO: [Synth 8-3886] merging instance 'u_dig/led_reg[10][1]' (FD) to 'u_dig/led_reg[1][6]'
INFO: [Synth 8-3886] merging instance 'u_dig/led_reg[9][1]' (FD) to 'u_dig/led_reg[1][6]'
INFO: [Synth 8-3886] merging instance 'u_dig/led_reg[8][1]' (FD) to 'u_dig/led_reg[1][6]'
INFO: [Synth 8-3886] merging instance 'u_dig/led_reg[7][1]' (FD) to 'u_dig/led_reg[1][7]'
INFO: [Synth 8-3886] merging instance 'u_dig/led_reg[6][1]' (FD) to 'u_dig/led_reg[1][6]'
INFO: [Synth 8-3886] merging instance 'u_dig/led_reg[5][1]' (FD) to 'u_dig/led_reg[1][6]'
INFO: [Synth 8-3886] merging instance 'u_dig/led_reg[4][1]' (FD) to 'u_dig/led_reg[1][6]'
INFO: [Synth 8-3886] merging instance 'u_dig/led_reg[3][1]' (FD) to 'u_dig/led_reg[1][6]'
INFO: [Synth 8-3886] merging instance 'u_dig/led_reg[2][1]' (FD) to 'u_dig/led_reg[1][6]'
INFO: [Synth 8-3886] merging instance 'u_dig/led_reg[1][1]' (FD) to 'u_dig/led_reg[1][7]'
INFO: [Synth 8-3886] merging instance 'u_dig/led_reg[0][1]' (FD) to 'u_dig/led_reg[1][7]'
INFO: [Synth 8-3886] merging instance 'u_dig/led_reg[15][2]' (FD) to 'u_dig/led_reg[1][6]'
INFO: [Synth 8-3886] merging instance 'u_dig/led_reg[14][2]' (FD) to 'u_dig/led_reg[1][6]'
INFO: [Synth 8-3886] merging instance 'u_dig/led_reg[13][2]' (FD) to 'u_dig/led_reg[1][7]'
INFO: [Synth 8-3886] merging instance 'u_dig/led_reg[12][2]' (FD) to 'u_dig/led_reg[1][6]'
INFO: [Synth 8-3886] merging instance 'u_dig/led_reg[11][2]' (FD) to 'u_dig/led_reg[1][6]'
INFO: [Synth 8-3886] merging instance 'u_dig/led_reg[10][2]' (FD) to 'u_dig/led_reg[1][6]'
INFO: [Synth 8-3886] merging instance 'u_dig/led_reg[9][2]' (FD) to 'u_dig/led_reg[1][6]'
INFO: [Synth 8-3886] merging instance 'u_dig/led_reg[8][2]' (FD) to 'u_dig/led_reg[1][6]'
INFO: [Synth 8-3886] merging instance 'u_dig/led_reg[7][2]' (FD) to 'u_dig/led_reg[1][7]'
INFO: [Synth 8-3886] merging instance 'u_dig/led_reg[6][2]' (FD) to 'u_dig/led_reg[1][6]'
INFO: [Synth 8-3886] merging instance 'u_dig/led_reg[5][2]' (FD) to 'u_dig/led_reg[1][6]'
INFO: [Synth 8-3886] merging instance 'u_dig/led_reg[4][2]' (FD) to 'u_dig/led_reg[1][6]'
INFO: [Synth 8-3886] merging instance 'u_dig/led_reg[3][2]' (FD) to 'u_dig/led_reg[1][7]'
INFO: [Synth 8-3886] merging instance 'u_dig/led_reg[2][2]' (FD) to 'u_dig/led_reg[1][7]'
INFO: [Synth 8-3886] merging instance 'u_dig/led_reg[1][2]' (FD) to 'u_dig/led_reg[1][7]'
INFO: [Synth 8-3886] merging instance 'u_dig/led_reg[0][2]' (FD) to 'u_dig/led_reg[1][6]'
INFO: [Synth 8-3886] merging instance 'u_dig/led_reg[15][3]' (FD) to 'u_dig/led_reg[1][6]'
INFO: [Synth 8-3886] merging instance 'u_dig/led_reg[14][3]' (FD) to 'u_dig/led_reg[1][6]'
INFO: [Synth 8-3886] merging instance 'u_dig/led_reg[13][3]' (FD) to 'u_dig/led_reg[1][6]'
INFO: [Synth 8-3886] merging instance 'u_dig/led_reg[12][3]' (FD) to 'u_dig/led_reg[1][6]'
INFO: [Synth 8-3886] merging instance 'u_dig/led_reg[11][3]' (FD) to 'u_dig/led_reg[1][6]'
INFO: [Synth 8-3886] merging instance 'u_dig/led_reg[10][3]' (FD) to 'u_dig/led_reg[1][6]'
INFO: [Synth 8-3886] merging instance 'u_dig/led_reg[9][3]' (FD) to 'u_dig/led_reg[1][7]'
INFO: [Synth 8-3886] merging instance 'u_dig/led_reg[8][3]' (FD) to 'u_dig/led_reg[1][6]'
INFO: [Synth 8-3886] merging instance 'u_dig/led_reg[7][3]' (FD) to 'u_dig/led_reg[1][7]'
INFO: [Synth 8-3886] merging instance 'u_dig/led_reg[6][3]' (FD) to 'u_dig/led_reg[1][6]'
INFO: [Synth 8-3886] merging instance 'u_dig/led_reg[5][3]' (FD) to 'u_dig/led_reg[1][7]'
INFO: [Synth 8-3886] merging instance 'u_dig/led_reg[4][3]' (FD) to 'u_dig/led_reg[1][7]'
INFO: [Synth 8-3886] merging instance 'u_dig/led_reg[3][3]' (FD) to 'u_dig/led_reg[1][7]'
INFO: [Synth 8-3886] merging instance 'u_dig/led_reg[2][3]' (FD) to 'u_dig/led_reg[1][6]'
INFO: [Synth 8-3886] merging instance 'u_dig/led_reg[1][3]' (FD) to 'u_dig/led_reg[1][7]'
INFO: [Synth 8-3886] merging instance 'u_dig/led_reg[0][3]' (FD) to 'u_dig/led_reg[1][6]'
INFO: [Synth 8-3886] merging instance 'u_dig/led_reg[15][4]' (FD) to 'u_dig/led_reg[1][7]'
INFO: [Synth 8-3886] merging instance 'u_dig/led_reg[14][4]' (FD) to 'u_dig/led_reg[1][6]'
INFO: [Common 17-14] Message 'Synth 8-3886' appears 100 times and further instances of the messages will be disabled. Use the Tcl command set_msg_config to change the current settings.
INFO: [Synth 8-3333] propagating constant 1 across sequential element (\u_dig/led_reg[1][7] )
INFO: [Synth 8-3333] propagating constant 0 across sequential element (\u_dig/led_reg[0][7] )
INFO: [Synth 8-3333] propagating constant 1 across sequential element (\u_dig/DN_DP_reg )
---------------------------------------------------------------------------------
Finished Cross Boundary and Area Optimization : Time (s): cpu = 00:00:12 ; elapsed = 00:00:23 . Memory (MB): peak = 885.438 ; gain = 516.840
---------------------------------------------------------------------------------
---------------------------------------------------------------------------------
Start ROM, RAM, DSP and Shift Register Reporting
---------------------------------------------------------------------------------

Distributed RAM: Preliminary Mapping  Report (see note below)
+------------+------------------------+-----------+----------------------+---------------+
|Module Name | RTL Object             | Inference | Size (Depth x Width) | Primitives    | 
+------------+------------------------+-----------+----------------------+---------------+
|miniRV_SoC  | Core_cpu/U_RF/regs_reg | Implied   | 32 x 32              | RAM32M x 18   | 
+------------+------------------------+-----------+----------------------+---------------+

Note: The table above is a preliminary report that shows the Distributed RAMs at the current stage of the synthesis flow. Some Distributed RAMs may be reimplemented as non Distributed RAM primitives later in the synthesis flow. Multiple instantiated RAMs are reported only once.
---------------------------------------------------------------------------------
Finished ROM, RAM, DSP and Shift Register Reporting
---------------------------------------------------------------------------------

Report RTL Partitions: 
+-+--------------+------------+----------+
| |RTL Partition |Replication |Instances |
+-+--------------+------------+----------+
+-+--------------+------------+----------+
---------------------------------------------------------------------------------
Start Applying XDC Timing Constraints
---------------------------------------------------------------------------------
INFO: [Synth 8-5578] Moved timing constraint from pin 'Clkgen/clk_out1' to pin 'Clkgen/bbstub_clk_out1/O'
WARNING: [Synth 8-565] redefining clock 'fpga_clk'
INFO: [Synth 8-5819] Moved 1 constraints on hierarchical pins to their respective driving/loading pins
---------------------------------------------------------------------------------
Finished Applying XDC Timing Constraints : Time (s): cpu = 00:00:18 ; elapsed = 00:00:28 . Memory (MB): peak = 885.438 ; gain = 516.840
---------------------------------------------------------------------------------
---------------------------------------------------------------------------------
Start Timing Optimization
---------------------------------------------------------------------------------
---------------------------------------------------------------------------------
Finished Timing Optimization : Time (s): cpu = 00:00:18 ; elapsed = 00:00:29 . Memory (MB): peak = 900.379 ; gain = 531.781
---------------------------------------------------------------------------------
---------------------------------------------------------------------------------
Start ROM, RAM, DSP and Shift Register Reporting
---------------------------------------------------------------------------------

Distributed RAM: Final Mapping  Report
+------------+------------------------+-----------+----------------------+---------------+
|Module Name | RTL Object             | Inference | Size (Depth x Width) | Primitives    | 
+------------+------------------------+-----------+----------------------+---------------+
|miniRV_SoC  | Core_cpu/U_RF/regs_reg | Implied   | 32 x 32              | RAM32M x 18   | 
+------------+------------------------+-----------+----------------------+---------------+

---------------------------------------------------------------------------------
Finished ROM, RAM, DSP and Shift Register Reporting
---------------------------------------------------------------------------------

Report RTL Partitions: 
+-+--------------+------------+----------+
| |RTL Partition |Replication |Instances |
+-+--------------+------------+----------+
+-+--------------+------------+----------+
---------------------------------------------------------------------------------
Start Technology Mapping
---------------------------------------------------------------------------------
---------------------------------------------------------------------------------
Finished Technology Mapping : Time (s): cpu = 00:00:19 ; elapsed = 00:00:29 . Memory (MB): peak = 900.379 ; gain = 531.781
---------------------------------------------------------------------------------

Report RTL Partitions: 
+-+--------------+------------+----------+
| |RTL Partition |Replication |Instances |
+-+--------------+------------+----------+
+-+--------------+------------+----------+
---------------------------------------------------------------------------------
Start IO Insertion
---------------------------------------------------------------------------------
---------------------------------------------------------------------------------
Start Flattening Before IO Insertion
---------------------------------------------------------------------------------
---------------------------------------------------------------------------------
Finished Flattening Before IO Insertion
---------------------------------------------------------------------------------
---------------------------------------------------------------------------------
Start Final Netlist Cleanup
---------------------------------------------------------------------------------
---------------------------------------------------------------------------------
Finished Final Netlist Cleanup
---------------------------------------------------------------------------------
---------------------------------------------------------------------------------
Finished IO Insertion : Time (s): cpu = 00:00:19 ; elapsed = 00:00:30 . Memory (MB): peak = 900.379 ; gain = 531.781
---------------------------------------------------------------------------------

Report Check Netlist: 
+------+------------------+-------+---------+-------+------------------+
|      |Item              |Errors |Warnings |Status |Description       |
+------+------------------+-------+---------+-------+------------------+
|1     |multi_driven_nets |      0|        0|Passed |Multi driven nets |
+------+------------------+-------+---------+-------+------------------+
---------------------------------------------------------------------------------
Start Renaming Generated Instances
---------------------------------------------------------------------------------
---------------------------------------------------------------------------------
Finished Renaming Generated Instances : Time (s): cpu = 00:00:19 ; elapsed = 00:00:30 . Memory (MB): peak = 900.379 ; gain = 531.781
---------------------------------------------------------------------------------

Report RTL Partitions: 
+-+--------------+------------+----------+
| |RTL Partition |Replication |Instances |
+-+--------------+------------+----------+
+-+--------------+------------+----------+
---------------------------------------------------------------------------------
Start Rebuilding User Hierarchy
---------------------------------------------------------------------------------
---------------------------------------------------------------------------------
Finished Rebuilding User Hierarchy : Time (s): cpu = 00:00:19 ; elapsed = 00:00:30 . Memory (MB): peak = 900.379 ; gain = 531.781
---------------------------------------------------------------------------------
---------------------------------------------------------------------------------
Start Renaming Generated Ports
---------------------------------------------------------------------------------
---------------------------------------------------------------------------------
Finished Renaming Generated Ports : Time (s): cpu = 00:00:19 ; elapsed = 00:00:30 . Memory (MB): peak = 900.379 ; gain = 531.781
---------------------------------------------------------------------------------
---------------------------------------------------------------------------------
Start Handling Custom Attributes
---------------------------------------------------------------------------------
---------------------------------------------------------------------------------
Finished Handling Custom Attributes : Time (s): cpu = 00:00:19 ; elapsed = 00:00:30 . Memory (MB): peak = 900.379 ; gain = 531.781
---------------------------------------------------------------------------------
---------------------------------------------------------------------------------
Start Renaming Generated Nets
---------------------------------------------------------------------------------
---------------------------------------------------------------------------------
Finished Renaming Generated Nets : Time (s): cpu = 00:00:19 ; elapsed = 00:00:30 . Memory (MB): peak = 900.379 ; gain = 531.781
---------------------------------------------------------------------------------
---------------------------------------------------------------------------------
Start Writing Synthesis Report
---------------------------------------------------------------------------------

Report BlackBoxes: 
+------+--------------+----------+
|      |BlackBox name |Instances |
+------+--------------+----------+
|1     |cpuclk        |         1|
|2     |IROM          |         1|
|3     |DRAM          |         1|
+------+--------------+----------+

Report Cell Usage: 
+------+-------+------+
|      |Cell   |Count |
+------+-------+------+
|1     |DRAM   |     1|
|2     |IROM   |     1|
|3     |cpuclk |     1|
|4     |BUFG   |     2|
|5     |CARRY4 |    52|
|6     |LUT1   |     4|
|7     |LUT2   |   162|
|8     |LUT3   |    85|
|9     |LUT4   |    68|
|10    |LUT5   |   209|
|11    |LUT6   |   367|
|12    |MUXF7  |    31|
|13    |RAM32M |    18|
|14    |FDCE   |     2|
|15    |FDPE   |     7|
|16    |FDRE   |   126|
|17    |FDSE   |    30|
|18    |LD     |    32|
|19    |IBUF   |    30|
|20    |OBUF   |    40|
+------+-------+------+

Report Instance Areas: 
+------+--------------+--------+------+
|      |Instance      |Module  |Cells |
+------+--------------+--------+------+
|1     |top           |        |  1331|
|2     |  Core_cpu    |myCPU   |   950|
|3     |    U_NPC     |NPC     |   121|
|4     |    U_SEXT    |SEXT    |    32|
|5     |    U_ALU     |ALU     |   477|
|6     |    U_Ctrl    |Ctrl    |    54|
|7     |    U_PC      |PC      |    32|
|8     |    U_RF      |RF      |   194|
|9     |  u_button    |button  |     5|
|10    |  u_dig       |dig     |   190|
|11    |    u_counter |counter |    54|
|12    |  u_led       |led     |    24|
|13    |  u_switch    |switch  |    24|
+------+--------------+--------+------+
---------------------------------------------------------------------------------
Finished Writing Synthesis Report : Time (s): cpu = 00:00:19 ; elapsed = 00:00:30 . Memory (MB): peak = 900.379 ; gain = 531.781
---------------------------------------------------------------------------------
Synthesis finished with 0 errors, 0 critical warnings and 9 warnings.
Synthesis Optimization Runtime : Time (s): cpu = 00:00:14 ; elapsed = 00:00:22 . Memory (MB): peak = 900.379 ; gain = 165.762
Synthesis Optimization Complete : Time (s): cpu = 00:00:20 ; elapsed = 00:00:30 . Memory (MB): peak = 900.379 ; gain = 531.781
INFO: [Project 1-571] Translating synthesized netlist
INFO: [Netlist 29-17] Analyzing 133 Unisim elements for replacement
INFO: [Netlist 29-28] Unisim Transformation completed in 0 CPU seconds
INFO: [Project 1-570] Preparing netlist for logic optimization
INFO: [Opt 31-138] Pushed 0 inverter(s) to 0 load pin(s).
Netlist sorting complete. Time (s): cpu = 00:00:00 ; elapsed = 00:00:00 . Memory (MB): peak = 901.062 ; gain = 0.000
INFO: [Project 1-111] Unisim Transformation Summary:
  A total of 50 instances were transformed.
  LD => LDCE: 32 instances
  RAM32M => RAM32M (RAMD32, RAMD32, RAMD32, RAMD32, RAMD32, RAMD32, RAMS32, RAMS32): 18 instances

INFO: [Common 17-83] Releasing license: Synthesis
199 Infos, 29 Warnings, 0 Critical Warnings and 0 Errors encountered.
synth_design completed successfully
synth_design: Time (s): cpu = 00:00:22 ; elapsed = 00:00:33 . Memory (MB): peak = 901.062 ; gain = 543.965
Netlist sorting complete. Time (s): cpu = 00:00:00 ; elapsed = 00:00:00.001 . Memory (MB): peak = 901.062 ; gain = 0.000
WARNING: [Constraints 18-5210] No constraints selected for write.
Resolution: This message can indicate that there are no constraints for the design, or it can indicate that the used_in flags are set such that the constraints are ignored. This later case is used when running synth_design to not write synthesis constraints to the resulting checkpoint. Instead, project constraints are read when the synthesized design is opened.
INFO: [Common 17-1381] The checkpoint 'E:/cpu/proj_miniRV/proj_single_cycle/proj_single_cycle.runs/synth_1/miniRV_SoC.dcp' has been generated.
INFO: [runtcl-4] Executing : report_utilization -file miniRV_SoC_utilization_synth.rpt -pb miniRV_SoC_utilization_synth.pb
INFO: [Common 17-206] Exiting Vivado at Fri Jul 19 15:33:54 2024...
